2021-05-13 20:45:58, info, Successfully logged out - message from winston
2021-05-13 20:46:15, info, signing in - message from winston

2021-05-14 07:59:39, error, error while finding user in the database - message from winston
2021-05-14 07:59:58, info, inside allUsers method - message from winston
2021-05-14 07:59:58, info, inside userById method - message from winston
2021-05-14 07:59:58, info, inside userById method - message from winston
2021-05-14 07:59:58, info, inside userById method - message from winston
2021-05-14 07:59:58, info, inside userById method - message from winston
2021-05-14 07:59:58, info, inside userById method - message from winston
2021-05-14 07:59:58, info, inside userPhoto method - message from winston
2021-05-14 07:59:58, info, inside userPhoto method - message from winston
2021-05-14 07:59:58, info, inside userPhoto method - message from winston
2021-05-14 07:59:58, info, inside userPhoto method - message from winston
2021-05-14 07:59:58, info, inside userPhoto method - message from winston
2021-05-14 08:00:20, info, inside userById method - message from winston
2021-05-14 08:01:24, info, inside allUsers method - message from winston
2021-05-14 08:01:24, info, inside userById method - message from winston
2021-05-14 08:01:24, info, inside userById method - message from winston
2021-05-14 08:01:24, info, inside userById method - message from winston
2021-05-14 08:01:24, info, inside userById method - message from winston
2021-05-14 08:01:24, info, inside userById method - message from winston
2021-05-14 08:01:24, info, inside userPhoto method - message from winston
2021-05-14 08:01:24, info, inside userPhoto method - message from winston
2021-05-14 08:01:24, info, inside userPhoto method - message from winston
2021-05-14 08:01:24, info, inside userPhoto method - message from winston
2021-05-14 08:01:24, info, inside userPhoto method - message from winston
2021-05-14 08:01:34, info, inside userById method - message from winston
2021-05-14 08:01:47, error, error while finding user in the database - message from winston
2021-05-14 08:01:53, error, incorrect password provided for signin - message from winston
2021-05-14 08:02:00, error, incorrect password provided for signin - message from winston
2021-05-14 08:02:14, error, incorrect password provided for signin - message from winston
2021-05-14 08:02:59, error, password reset successful - message from winston
2021-05-14 08:03:37, info, signed in successfully - message from winston
2021-05-14 08:03:37, info, inside getPosts method  - message from winston
2021-05-14 08:03:37, info, inside postById method - message from winston
2021-05-14 08:03:37, info, inside postById method - message from winston
2021-05-14 08:03:37, info, inside postById method - message from winston
2021-05-14 08:03:37, info, inside postById method - message from winston
2021-05-14 08:03:37, info, inside postById method - message from winston
2021-05-14 08:03:37, info, inside postPhoto method - message from winston
2021-05-14 08:03:37, info, inside postPhoto method - message from winston
2021-05-14 08:03:37, info, inside postPhoto method - message from winston
2021-05-14 08:03:37, info, inside postPhoto method - message from winston
2021-05-14 08:03:37, info, inside postPhoto method - message from winston
2021-05-14 08:04:04, info, inside userById method - message from winston
2021-05-14 08:04:04, info, inside getSingleUser method - message from winston
2021-05-14 08:04:04, info, inside userById method - message from winston
2021-05-14 08:04:04, info, inside userById method - message from winston
2021-05-14 08:04:04, info, inside userById method - message from winston
2021-05-14 08:04:04, info, inside userById method - message from winston
2021-05-14 08:04:05, info, inside userPhoto method - message from winston
2021-05-14 08:04:05, info, inside getPostByUser method - message from winston
2021-05-14 08:04:05, info, inside userPhoto method - message from winston
2021-05-14 08:04:05, info, inside userPhoto method - message from winston
2021-05-14 08:04:05, info, inside userById method - message from winston
2021-05-14 08:04:05, info, inside userPhoto method - message from winston
2021-05-14 08:04:13, info, inside postById method - message from winston
2021-05-14 08:04:13, info, inside singlePost method - message from winston
2021-05-14 08:04:13, info, inside postById method - message from winston
2021-05-14 08:04:13, info, inside userById method - message from winston
2021-05-14 08:04:13, info, inside postPhoto method - message from winston
2021-05-14 08:04:13, info, inside userPhoto method - message from winston
2021-05-14 08:04:23, info, inside like method - message from winston
2021-05-14 08:04:23, info, inside postById method - message from winston
2021-05-14 08:04:23, info, inside postPhoto method - message from winston
2021-05-14 08:04:28, info, inside unlike method - message from winston
2021-05-14 08:04:28, info, inside postById method - message from winston
2021-05-14 08:04:28, info, inside postPhoto method - message from winston
2021-05-14 08:05:02, info, inside uncomment method - message from winston
2021-05-14 08:05:02, info, inside postById method - message from winston
2021-05-14 08:05:02, info, inside postPhoto method - message from winston
2021-05-14 08:05:23, info, inside userById method - message from winston
2021-05-14 08:05:23, info, inside findPeople method - message from winston
2021-05-14 08:05:23, info, inside userById method - message from winston
2021-05-14 08:05:23, info, inside userById method - message from winston
2021-05-14 08:05:23, info, inside userById method - message from winston
2021-05-14 08:05:23, info, inside userPhoto method - message from winston
2021-05-14 08:05:23, info, inside userPhoto method - message from winston
2021-05-14 08:05:23, info, inside userPhoto method - message from winston
2021-05-14 08:05:30, info, inside userById method - message from winston
2021-05-14 08:05:30, info, inside getSingleUser method - message from winston
2021-05-14 08:05:30, info, inside userById method - message from winston
2021-05-14 08:05:30, info, inside userById method - message from winston
2021-05-14 08:05:30, info, inside getPostByUser method - message from winston
2021-05-14 08:05:30, info, inside userPhoto method - message from winston
2021-05-14 08:05:30, info, inside userById method - message from winston
2021-05-14 08:05:30, info, inside userPhoto method - message from winston
2021-05-14 08:05:35, info, inside postById method - message from winston
2021-05-14 08:05:35, info, inside singlePost method - message from winston
2021-05-14 08:05:35, info, inside postById method - message from winston
2021-05-14 08:05:35, info, inside postPhoto method - message from winston
2021-05-14 08:05:37, info, inside like method - message from winston
2021-05-14 08:05:37, info, inside postById method - message from winston
2021-05-14 08:05:37, info, inside postPhoto method - message from winston
2021-05-14 08:06:03, info, inside comment method - message from winston
2021-05-14 08:06:04, info, inside postById method - message from winston
2021-05-14 08:06:04, info, inside userById method - message from winston
2021-05-14 08:06:04, info, inside userPhoto method - message from winston
2021-05-14 08:06:04, info, inside postPhoto method - message from winston
2021-05-14 08:06:12, info, inside userById method - message from winston
2021-05-14 08:06:12, info, inside findPeople method - message from winston
2021-05-14 08:06:12, info, inside userById method - message from winston
2021-05-14 08:06:12, info, inside userById method - message from winston
2021-05-14 08:06:12, info, inside userById method - message from winston
2021-05-14 08:06:12, info, inside userPhoto method - message from winston
2021-05-14 08:06:12, info, inside userPhoto method - message from winston
2021-05-14 08:06:12, info, inside userPhoto method - message from winston
2021-05-14 08:06:16, info, inside userById method - message from winston
2021-05-14 08:06:17, info, inside getSingleUser method - message from winston
2021-05-14 08:06:17, info, inside userById method - message from winston
2021-05-14 08:06:17, info, inside userById method - message from winston
2021-05-14 08:06:17, info, inside getPostByUser method - message from winston
2021-05-14 08:06:17, info, inside userPhoto method - message from winston
2021-05-14 08:06:17, info, inside userById method - message from winston
2021-05-14 08:06:17, info, inside userPhoto method - message from winston
2021-05-14 08:06:18, info, inside userById method - message from winston
2021-05-14 08:06:18, info, inside userById method - message from winston
2021-05-14 08:06:18, info, inside userPhoto method - message from winston
2021-05-14 08:06:19, info, inside getSingleUser method - message from winston
2021-05-14 08:06:19, info, inside userById method - message from winston
2021-05-14 08:06:19, info, inside userById method - message from winston
2021-05-14 08:06:19, info, inside userById method - message from winston
2021-05-14 08:06:19, info, inside userById method - message from winston
2021-05-14 08:06:19, info, inside userPhoto method - message from winston
2021-05-14 08:06:19, info, inside userPhoto method - message from winston
2021-05-14 08:06:19, info, inside getPostByUser method - message from winston
2021-05-14 08:06:19, info, inside userPhoto method - message from winston
2021-05-14 08:06:19, info, inside userById method - message from winston
2021-05-14 08:06:19, info, inside userPhoto method - message from winston
2021-05-14 08:06:25, info, inside postById method - message from winston
2021-05-14 08:06:25, info, inside singlePost method - message from winston
2021-05-14 08:06:25, info, inside postById method - message from winston
2021-05-14 08:06:25, info, inside postPhoto method - message from winston
2021-05-14 08:06:35, info, inside userById method - message from winston
2021-05-14 08:06:35, info, inside getSingleUser method - message from winston
2021-05-14 08:06:35, info, inside userById method - message from winston
2021-05-14 08:06:35, info, inside userById method - message from winston
2021-05-14 08:06:35, info, inside getPostByUser method - message from winston
2021-05-14 08:06:35, info, inside userPhoto method - message from winston
2021-05-14 08:06:35, info, inside userById method - message from winston
2021-05-14 08:06:35, info, inside userPhoto method - message from winston
2021-05-14 08:06:37, info, inside postById method - message from winston
2021-05-14 08:06:37, info, inside singlePost method - message from winston
2021-05-14 08:06:37, info, inside postById method - message from winston
2021-05-14 08:06:37, info, inside postPhoto method - message from winston
2021-05-14 08:06:54, info, inside uncomment method - message from winston
2021-05-14 08:06:54, info, inside postById method - message from winston
2021-05-14 08:06:54, info, inside postPhoto method - message from winston
2021-05-14 08:06:58, info, inside uncomment method - message from winston
2021-05-14 08:06:58, info, inside postById method - message from winston
2021-05-14 08:06:58, info, inside postPhoto method - message from winston
2021-05-14 08:07:42, info, inside comment method - message from winston
2021-05-14 08:07:42, info, inside postById method - message from winston
2021-05-14 08:07:43, info, inside postPhoto method - message from winston
2021-05-14 08:07:59, info, inside userById method - message from winston
2021-05-14 08:07:59, info, inside getSingleUser method - message from winston
2021-05-14 08:07:59, info, inside userById method - message from winston
2021-05-14 08:07:59, info, inside userById method - message from winston
2021-05-14 08:07:59, info, inside userById method - message from winston
2021-05-14 08:08:00, info, inside userPhoto method - message from winston
2021-05-14 08:08:00, info, inside getPostByUser method - message from winston
2021-05-14 08:08:00, info, inside userById method - message from winston
2021-05-14 08:08:00, info, inside userPhoto method - message from winston
2021-05-14 08:08:00, info, inside userPhoto method - message from winston
2021-05-14 08:08:11, info, inside allUsers method - message from winston
2021-05-14 08:08:11, info, inside userById method - message from winston
2021-05-14 08:08:11, info, inside userById method - message from winston
2021-05-14 08:08:11, info, inside userById method - message from winston
2021-05-14 08:08:11, info, inside userById method - message from winston
2021-05-14 08:08:11, info, inside userById method - message from winston
2021-05-14 08:08:11, info, inside userPhoto method - message from winston
2021-05-14 08:08:11, info, inside userPhoto method - message from winston
2021-05-14 08:08:11, info, inside userPhoto method - message from winston
2021-05-14 08:08:11, info, inside userPhoto method - message from winston
2021-05-14 08:08:11, info, inside userPhoto method - message from winston
2021-05-14 08:08:25, info, inside getPosts method  - message from winston
2021-05-14 08:08:25, info, inside postById method - message from winston
2021-05-14 08:08:25, info, inside postById method - message from winston
2021-05-14 08:08:25, info, inside postById method - message from winston
2021-05-14 08:08:25, info, inside postById method - message from winston
2021-05-14 08:08:25, info, inside postById method - message from winston
2021-05-14 08:08:26, info, inside postPhoto method - message from winston
2021-05-14 08:08:26, info, inside postPhoto method - message from winston
2021-05-14 08:08:26, info, inside postPhoto method - message from winston
2021-05-14 08:08:26, info, inside postPhoto method - message from winston
2021-05-14 08:08:26, info, inside postPhoto method - message from winston
2021-05-14 08:08:33, info, inside postById method - message from winston
2021-05-14 08:08:33, info, inside singlePost method - message from winston
2021-05-14 08:08:33, info, inside postById method - message from winston
2021-05-14 08:08:34, info, inside postPhoto method - message from winston
2021-05-14 08:08:38, info, inside like method - message from winston
2021-05-14 08:08:38, info, inside postById method - message from winston
2021-05-14 08:08:38, info, inside postPhoto method - message from winston
2021-05-14 08:09:00, info, inside comment method - message from winston
2021-05-14 08:09:00, info, inside postById method - message from winston
2021-05-14 08:09:00, info, inside postPhoto method - message from winston
2021-05-14 08:09:23, info, inside allUsers method - message from winston
2021-05-14 08:09:23, info, inside userById method - message from winston
2021-05-14 08:09:23, info, inside userById method - message from winston
2021-05-14 08:09:23, info, inside userById method - message from winston
2021-05-14 08:09:23, info, inside userById method - message from winston
2021-05-14 08:09:23, info, inside userById method - message from winston
2021-05-14 08:09:23, info, inside userPhoto method - message from winston
2021-05-14 08:09:23, info, inside userPhoto method - message from winston
2021-05-14 08:09:23, info, inside userPhoto method - message from winston
2021-05-14 08:09:23, info, inside userPhoto method - message from winston
2021-05-14 08:09:23, info, inside userPhoto method - message from winston
2021-05-14 08:09:24, info, inside getPosts method  - message from winston
2021-05-14 08:09:24, info, inside postById method - message from winston
2021-05-14 08:09:24, info, inside postById method - message from winston
2021-05-14 08:09:24, info, inside postById method - message from winston
2021-05-14 08:09:24, info, inside postById method - message from winston
2021-05-14 08:09:24, info, inside postById method - message from winston
2021-05-14 08:09:25, info, inside postPhoto method - message from winston
2021-05-14 08:09:25, info, inside postPhoto method - message from winston
2021-05-14 08:09:25, info, inside postPhoto method - message from winston
2021-05-14 08:09:25, info, inside postPhoto method - message from winston
2021-05-14 08:09:25, info, inside postPhoto method - message from winston
2021-05-14 08:09:26, info, inside postById method - message from winston
2021-05-14 08:09:26, info, inside postById method - message from winston
2021-05-14 08:09:26, info, inside postById method - message from winston
2021-05-14 08:09:26, info, inside postById method - message from winston
2021-05-14 08:09:26, info, inside postById method - message from winston
2021-05-14 08:09:26, info, Successfully logged out - message from winston
2021-05-14 08:09:26, info, inside postPhoto method - message from winston
2021-05-14 08:09:27, info, inside postPhoto method - message from winston
2021-05-14 08:09:27, info, inside postPhoto method - message from winston
2021-05-14 08:09:27, info, inside postPhoto method - message from winston
2021-05-14 08:09:27, info, inside postPhoto method - message from winston
2021-05-14 08:09:41, info, signed in successfully - message from winston
2021-05-14 08:09:41, info, inside getPosts method  - message from winston
2021-05-14 08:09:41, info, inside postById method - message from winston
2021-05-14 08:09:41, info, inside postById method - message from winston
2021-05-14 08:09:41, info, inside postById method - message from winston
2021-05-14 08:09:41, info, inside postById method - message from winston
2021-05-14 08:09:41, info, inside postById method - message from winston
2021-05-14 08:09:41, info, inside postPhoto method - message from winston
2021-05-14 08:09:41, info, inside postPhoto method - message from winston
2021-05-14 08:09:41, info, inside postPhoto method - message from winston
2021-05-14 08:09:41, info, inside postPhoto method - message from winston
2021-05-14 08:09:41, info, inside postPhoto method - message from winston
2021-05-14 08:09:46, info, inside userById method - message from winston
2021-05-14 08:09:46, info, inside getSingleUser method - message from winston
2021-05-14 08:09:46, info, inside userById method - message from winston
2021-05-14 08:09:46, info, inside userById method - message from winston
2021-05-14 08:09:46, info, inside getPostByUser method - message from winston
2021-05-14 08:09:46, info, inside userPhoto method - message from winston
2021-05-14 08:09:46, info, inside userById method - message from winston
2021-05-14 08:09:46, info, inside userPhoto method - message from winston
2021-05-14 08:09:52, info, inside userById method - message from winston
2021-05-14 08:09:52, info, inside findPeople method - message from winston
2021-05-14 08:09:53, info, inside userById method - message from winston
2021-05-14 08:09:53, info, inside userById method - message from winston
2021-05-14 08:09:53, info, inside userById method - message from winston
2021-05-14 08:09:53, info, inside userById method - message from winston
2021-05-14 08:09:53, info, inside userPhoto method - message from winston
2021-05-14 08:09:53, info, inside userPhoto method - message from winston
2021-05-14 08:09:53, info, inside userPhoto method - message from winston
2021-05-14 08:09:53, info, inside userPhoto method - message from winston
2021-05-14 08:09:57, info, inside getPosts method  - message from winston
2021-05-14 08:09:57, info, inside allUsers method - message from winston
2021-05-14 08:09:57, info, inside userById method - message from winston
2021-05-14 08:09:57, info, inside userById method - message from winston
2021-05-14 08:09:57, info, inside userById method - message from winston
2021-05-14 08:09:57, info, inside userById method - message from winston
2021-05-14 08:09:57, info, inside userById method - message from winston
2021-05-14 08:09:57, info, inside postById method - message from winston
2021-05-14 08:09:57, info, inside userPhoto method - message from winston
2021-05-14 08:09:57, info, inside postById method - message from winston
2021-05-14 08:09:57, info, inside userPhoto method - message from winston
2021-05-14 08:09:57, info, inside userPhoto method - message from winston
2021-05-14 08:09:57, info, inside postById method - message from winston
2021-05-14 08:09:57, info, inside postById method - message from winston
2021-05-14 08:09:57, info, inside userPhoto method - message from winston
2021-05-14 08:09:57, info, inside postById method - message from winston
2021-05-14 08:09:57, info, inside postPhoto method - message from winston
2021-05-14 08:09:57, info, inside postPhoto method - message from winston
2021-05-14 08:09:57, info, inside postPhoto method - message from winston
2021-05-14 08:09:57, info, inside userPhoto method - message from winston
2021-05-14 08:09:57, info, inside postPhoto method - message from winston
2021-05-14 08:09:57, info, inside postPhoto method - message from winston
2021-05-14 08:10:16, info, Successfully logged out - message from winston
2021-05-14 08:10:16, info, inside getPosts method  - message from winston
2021-05-14 08:10:16, info, inside postById method - message from winston
2021-05-14 08:10:16, info, inside postById method - message from winston
2021-05-14 08:10:16, info, inside postById method - message from winston
2021-05-14 08:10:16, info, inside postById method - message from winston
2021-05-14 08:10:16, info, inside postById method - message from winston
2021-05-14 08:10:16, info, inside postPhoto method - message from winston
2021-05-14 08:10:16, info, inside postPhoto method - message from winston
2021-05-14 08:10:16, info, inside postPhoto method - message from winston
2021-05-14 08:10:16, info, inside postPhoto method - message from winston
2021-05-14 08:10:16, info, inside postPhoto method - message from winston
2021-05-14 08:14:00, info, inside allUsers method - message from winston
2021-05-14 08:14:00, info, inside userById method - message from winston
2021-05-14 08:14:00, info, inside userById method - message from winston
2021-05-14 08:14:00, info, inside userById method - message from winston
2021-05-14 08:14:00, info, inside userById method - message from winston
2021-05-14 08:14:00, info, inside userById method - message from winston
2021-05-14 08:14:00, info, inside userPhoto method - message from winston
2021-05-14 08:14:00, info, inside userPhoto method - message from winston
2021-05-14 08:14:00, info, inside userPhoto method - message from winston
2021-05-14 08:14:00, info, inside userPhoto method - message from winston
2021-05-14 08:14:00, info, inside userPhoto method - message from winston
2021-05-14 08:14:13, info, inside allUsers method - message from winston
2021-05-14 08:14:13, info, inside userById method - message from winston
2021-05-14 08:14:13, info, inside userById method - message from winston
2021-05-14 08:14:13, info, inside userById method - message from winston
2021-05-14 08:14:13, info, inside userById method - message from winston
2021-05-14 08:14:13, info, inside userById method - message from winston
2021-05-14 08:14:13, info, inside userPhoto method - message from winston
2021-05-14 08:14:13, info, inside userPhoto method - message from winston
2021-05-14 08:14:13, info, inside userPhoto method - message from winston
2021-05-14 08:14:13, info, inside userPhoto method - message from winston
2021-05-14 08:14:13, info, inside userPhoto method - message from winston
2021-05-14 08:14:14, info, inside getPosts method  - message from winston
2021-05-14 08:14:14, info, inside postById method - message from winston
2021-05-14 08:14:14, info, inside postById method - message from winston
2021-05-14 08:14:14, info, inside postById method - message from winston
2021-05-14 08:14:14, info, inside postById method - message from winston
2021-05-14 08:14:14, info, inside postById method - message from winston
2021-05-14 08:14:14, info, inside postPhoto method - message from winston
2021-05-14 08:14:14, info, inside postPhoto method - message from winston
2021-05-14 08:14:14, info, inside postPhoto method - message from winston
2021-05-14 08:14:14, info, inside postPhoto method - message from winston
2021-05-14 08:14:14, info, inside postPhoto method - message from winston
2021-05-14 08:14:22, info, inside postById method - message from winston
2021-05-14 08:14:22, info, inside singlePost method - message from winston
2021-05-14 08:14:22, info, inside postById method - message from winston
2021-05-14 08:14:22, info, inside userById method - message from winston
2021-05-14 08:14:22, info, inside postPhoto method - message from winston
2021-05-14 08:14:22, info, inside userPhoto method - message from winston
2021-05-14 08:14:26, info, inside getPosts method  - message from winston
2021-05-14 08:14:26, info, inside postById method - message from winston
2021-05-14 08:14:26, info, inside postById method - message from winston
2021-05-14 08:14:26, info, inside postById method - message from winston
2021-05-14 08:14:26, info, inside postById method - message from winston
2021-05-14 08:14:26, info, inside postById method - message from winston
2021-05-14 08:14:26, info, inside postPhoto method - message from winston
2021-05-14 08:14:26, info, inside postPhoto method - message from winston
2021-05-14 08:14:26, info, inside postPhoto method - message from winston
2021-05-14 08:14:26, info, inside postPhoto method - message from winston
2021-05-14 08:14:26, info, inside postPhoto method - message from winston
2021-05-14 08:14:29, info, inside postById method - message from winston
2021-05-14 08:14:29, info, inside singlePost method - message from winston
2021-05-14 08:14:29, info, inside postById method - message from winston
2021-05-14 08:14:29, info, inside postPhoto method - message from winston
2021-05-14 08:14:37, info, inside getPosts method  - message from winston
2021-05-14 08:14:37, info, inside postById method - message from winston
2021-05-14 08:14:37, info, inside postById method - message from winston
2021-05-14 08:14:37, info, inside postById method - message from winston
2021-05-14 08:14:37, info, inside postById method - message from winston
2021-05-14 08:14:37, info, inside postById method - message from winston
2021-05-14 08:14:37, info, inside postPhoto method - message from winston
2021-05-14 08:14:37, info, inside postPhoto method - message from winston
2021-05-14 08:14:37, info, inside postPhoto method - message from winston
2021-05-14 08:14:37, info, inside postPhoto method - message from winston
2021-05-14 08:14:37, info, inside postPhoto method - message from winston
2021-05-14 08:14:55, info, signed in successfully - message from winston
2021-05-14 08:14:55, info, inside getPosts method  - message from winston
2021-05-14 08:14:55, info, inside postById method - message from winston
2021-05-14 08:14:55, info, inside postById method - message from winston
2021-05-14 08:14:55, info, inside postById method - message from winston
2021-05-14 08:14:55, info, inside postById method - message from winston
2021-05-14 08:14:55, info, inside postById method - message from winston
2021-05-14 08:14:55, info, inside postPhoto method - message from winston
2021-05-14 08:14:55, info, inside postPhoto method - message from winston
2021-05-14 08:14:55, info, inside postPhoto method - message from winston
2021-05-14 08:14:55, info, inside postPhoto method - message from winston
2021-05-14 08:14:55, info, inside postPhoto method - message from winston
2021-05-14 08:15:02, info, inside getPosts method  - message from winston
2021-05-14 08:15:02, info, inside allUsers method - message from winston
2021-05-14 08:15:02, info, inside userById method - message from winston
2021-05-14 08:15:02, info, inside userById method - message from winston
2021-05-14 08:15:02, info, inside userById method - message from winston
2021-05-14 08:15:02, info, inside userById method - message from winston
2021-05-14 08:15:02, info, inside userById method - message from winston
2021-05-14 08:15:02, info, inside postById method - message from winston
2021-05-14 08:15:02, info, inside userPhoto method - message from winston
2021-05-14 08:15:02, info, inside postById method - message from winston
2021-05-14 08:15:02, info, inside userPhoto method - message from winston
2021-05-14 08:15:02, info, inside postById method - message from winston
2021-05-14 08:15:02, info, inside userPhoto method - message from winston
2021-05-14 08:15:02, info, inside postById method - message from winston
2021-05-14 08:15:02, info, inside userPhoto method - message from winston
2021-05-14 08:15:02, info, inside postById method - message from winston
2021-05-14 08:15:02, info, inside userPhoto method - message from winston
2021-05-14 08:15:02, info, inside postPhoto method - message from winston
2021-05-14 08:15:03, info, inside postPhoto method - message from winston
2021-05-14 08:15:03, info, inside postPhoto method - message from winston
2021-05-14 08:15:03, info, inside postPhoto method - message from winston
2021-05-14 08:15:03, info, inside postPhoto method - message from winston
2021-05-14 08:15:08, info, inside userById method - message from winston
2021-05-14 08:15:08, info, inside getSingleUser method - message from winston
2021-05-14 08:15:08, info, inside userById method - message from winston
2021-05-14 08:15:08, info, inside userById method - message from winston
2021-05-14 08:15:08, info, inside userPhoto method - message from winston
2021-05-14 08:15:08, info, inside getPostByUser method - message from winston
2021-05-14 08:15:08, info, inside userById method - message from winston
2021-05-14 08:15:09, info, inside userPhoto method - message from winston
2021-05-14 08:15:14, info, inside getPosts method  - message from winston
2021-05-14 08:15:14, info, inside postById method - message from winston
2021-05-14 08:15:14, info, inside postById method - message from winston
2021-05-14 08:15:14, info, inside postById method - message from winston
2021-05-14 08:15:14, error, inside postById method - message from winston
2021-05-14 08:15:14, error, inside postById method - message from winston
2021-05-14 08:15:14, error, inside postPhoto method - message from winston
2021-05-14 08:15:14, error, inside postPhoto method - message from winston
2021-05-14 08:15:14, error, inside postPhoto method - message from winston
2021-05-14 08:15:14, error, inside postPhoto method - message from winston
2021-05-14 08:15:14, error, inside postPhoto method - message from winston
2021-05-14 08:15:18, error, inside allUsers method - message from winston
2021-05-14 08:15:18, error, inside userById method - message from winston
2021-05-14 08:15:18, error, inside userById method - message from winston
2021-05-14 08:15:18, error, inside userById method - message from winston
2021-05-14 08:15:18, error, inside userById method - message from winston
2021-05-14 08:15:18, error, inside userById method - message from winston
2021-05-14 08:15:18, error, inside userPhoto method - message from winston
2021-05-14 08:15:18, error, inside userPhoto method - message from winston
2021-05-14 08:15:18, error, inside userPhoto method - message from winston
2021-05-14 08:15:18, error, inside userPhoto method - message from winston
2021-05-14 08:15:18, error, inside userPhoto method - message from winston
2021-05-14 08:15:21, error, inside getPosts method  - message from winston
2021-05-14 08:15:21, error, inside postById method - message from winston
2021-05-14 08:15:21, error, inside postById method - message from winston
2021-05-14 08:15:21, error, inside postById method - message from winston
2021-05-14 08:15:21, error, inside postById method - message from winston
2021-05-14 08:15:21, error, inside postById method - message from winston
2021-05-14 08:15:21, error, inside postPhoto method - message from winston
2021-05-14 08:15:21, error, inside postPhoto method - message from winston
2021-05-14 08:15:21, error, inside postPhoto method - message from winston
2021-05-14 08:15:21, error, inside postPhoto method - message from winston
2021-05-14 08:15:21, error, inside postPhoto method - message from winston
2021-05-14 08:15:22, error, inside allUsers method - message from winston
2021-05-14 08:15:22, error, inside userById method - message from winston
2021-05-14 08:15:22, error, inside userById method - message from winston
2021-05-14 08:15:22, error, inside userById method - message from winston
2021-05-14 08:15:22, error, inside userById method - message from winston
2021-05-14 08:15:23, error, inside userById method - message from winston
2021-05-14 08:15:23, error, inside userPhoto method - message from winston
2021-05-14 08:15:23, error, inside userPhoto method - message from winston
2021-05-14 08:15:23, error, inside userPhoto method - message from winston
2021-05-14 08:15:23, error, inside userPhoto method - message from winston
2021-05-14 08:15:23, error, inside userPhoto method - message from winston
2021-05-14 08:15:24, error, inside userById method - message from winston
2021-05-14 08:15:24, error, inside getSingleUser method - message from winston
2021-05-14 08:15:24, error, inside userById method - message from winston
2021-05-14 08:15:24, error, inside userById method - message from winston
2021-05-14 08:15:24, error, inside userPhoto method - message from winston
2021-05-14 08:15:24, error, inside getPostByUser method - message from winston
2021-05-14 08:15:25, error, inside userById method - message from winston
2021-05-14 08:15:25, error, inside userPhoto method - message from winston
2021-05-14 08:15:28, error, inside userById method - message from winston
2021-05-14 08:15:28, error, inside findPeople method - message from winston
2021-05-14 08:15:28, error, inside userById method - message from winston
2021-05-14 08:15:28, error, inside userById method - message from winston
2021-05-14 08:15:28, error, inside userById method - message from winston
2021-05-14 08:15:28, error, inside userById method - message from winston
2021-05-14 08:15:28, error, inside userPhoto method - message from winston
2021-05-14 08:15:28, error, inside userPhoto method - message from winston
2021-05-14 08:15:28, error, inside userPhoto method - message from winston
2021-05-14 08:15:28, error, inside userPhoto method - message from winston
2021-05-14 08:15:29, error, inside getPosts method  - message from winston
2021-05-14 08:15:29, error, inside allUsers method - message from winston
2021-05-14 08:15:29, error, inside userById method - message from winston
2021-05-14 08:15:29, error, inside userById method - message from winston
2021-05-14 08:15:29, error, inside userById method - message from winston
2021-05-14 08:15:29, error, inside userById method - message from winston
2021-05-14 08:15:29, error, inside userById method - message from winston
2021-05-14 08:15:29, error, inside userPhoto method - message from winston
2021-05-14 08:15:29, error, inside postById method - message from winston
2021-05-14 08:15:29, error, inside postById method - message from winston
2021-05-14 08:15:29, error, inside userPhoto method - message from winston
2021-05-14 08:15:29, error, inside postById method - message from winston
2021-05-14 08:15:29, error, inside userPhoto method - message from winston
2021-05-14 08:15:29, error, inside postById method - message from winston
2021-05-14 08:15:29, error, inside userPhoto method - message from winston
2021-05-14 08:15:29, error, inside postById method - message from winston
2021-05-14 08:15:29, error, inside postPhoto method - message from winston
2021-05-14 08:15:29, error, inside userPhoto method - message from winston
2021-05-14 08:15:29, error, inside postPhoto method - message from winston
2021-05-14 08:15:29, error, inside postPhoto method - message from winston
2021-05-14 08:15:29, error, inside postPhoto method - message from winston
2021-05-14 08:15:29, error, inside postPhoto method - message from winston
2021-05-14 08:15:35, error, inside userById method - message from winston
2021-05-14 08:15:36, error, inside findPeople method - message from winston
2021-05-14 08:15:36, error, inside userById method - message from winston
2021-05-14 08:15:36, error, inside userById method - message from winston
2021-05-14 08:15:36, error, inside userById method - message from winston
2021-05-14 08:15:36, error, inside userById method - message from winston
2021-05-14 08:15:36, error, inside userPhoto method - message from winston
2021-05-14 08:15:36, error, inside userPhoto method - message from winston
2021-05-14 08:15:36, error, inside userPhoto method - message from winston
2021-05-14 08:15:36, error, inside userPhoto method - message from winston
2021-05-14 08:15:36, error, inside getPosts method  - message from winston
2021-05-14 08:15:36, info, Successfully logged out - message from winston
2021-05-14 08:15:37, info, inside postById method - message from winston
2021-05-14 08:15:37, info, inside postById method - message from winston
2021-05-14 08:15:37, info, inside postById method - message from winston
2021-05-14 08:15:37, info, inside postById method - message from winston
2021-05-14 08:15:37, info, inside postById method - message from winston
2021-05-14 08:15:37, info, inside postPhoto method - message from winston
2021-05-14 08:15:37, info, inside postPhoto method - message from winston
2021-05-14 08:15:37, info, inside postPhoto method - message from winston
2021-05-14 08:15:37, info, inside postPhoto method - message from winston
2021-05-14 08:15:37, info, inside postPhoto method - message from winston
2021-05-14 08:15:39, info, inside allUsers method - message from winston
2021-05-14 08:15:39, info, inside userById method - message from winston
2021-05-14 08:15:39, info, inside userById method - message from winston
2021-05-14 08:15:39, info, inside userById method - message from winston
2021-05-14 08:15:39, info, inside userById method - message from winston
2021-05-14 08:15:39, info, inside userById method - message from winston
2021-05-14 08:15:39, info, inside userPhoto method - message from winston
2021-05-14 08:15:39, info, inside userPhoto method - message from winston
2021-05-14 08:15:39, info, inside userPhoto method - message from winston
2021-05-14 08:15:39, info, inside userPhoto method - message from winston
2021-05-14 08:15:39, info, inside userPhoto method - message from winston
2021-05-14 08:15:40, info, inside userById method - message from winston
2021-05-14 11:56:51, info, inside getPosts method  - message from winston
2021-05-14 11:56:51, info, inside postById method - message from winston
2021-05-14 11:56:51, info, inside postById method - message from winston
2021-05-14 11:56:51, info, inside postById method - message from winston
2021-05-14 11:56:51, info, inside postById method - message from winston
2021-05-14 11:56:51, info, inside postById method - message from winston
2021-05-14 11:56:52, info, inside postPhoto method - message from winston
2021-05-14 11:56:52, info, inside postPhoto method - message from winston
2021-05-14 11:56:52, info, inside postPhoto method - message from winston
2021-05-14 11:56:52, info, inside postPhoto method - message from winston
2021-05-14 11:56:52, info, inside postPhoto method - message from winston
2021-05-14 11:57:36, error, error while finding user in the database - message from winston
2021-05-14 11:57:51, error, error while finding user in the database - message from winston
2021-05-14 11:58:11, error, incorrect password provided for signin - message from winston
2021-05-14 11:58:34, error, incorrect password provided for signin - message from winston
2021-05-14 11:59:33, error, incorrect password provided for signin - message from winston
2021-05-14 11:59:40, error, incorrect password provided for signin - message from winston
2021-05-14 11:59:40, error, incorrect password provided for signin - message from winston
2021-05-14 11:59:41, error, incorrect password provided for signin - message from winston
2021-05-14 11:59:41, error, incorrect password provided for signin - message from winston
2021-05-14 11:59:41, error, incorrect password provided for signin - message from winston
2021-05-14 11:59:51, error, error while finding user in the database - message from winston
2021-05-14 11:59:52, error, error while finding user in the database - message from winston
2021-05-14 11:59:52, error, error while finding user in the database - message from winston
2021-05-14 11:59:52, error, error while finding user in the database - message from winston
2021-05-14 11:59:52, error, error while finding user in the database - message from winston
2021-05-14 11:59:58, error, error while finding user in the database - message from winston
2021-05-14 11:59:58, error, error while finding user in the database - message from winston
2021-05-14 11:59:58, error, error while finding user in the database - message from winston
2021-05-14 11:59:59, error, error while finding user in the database - message from winston
2021-05-14 11:59:59, error, error while finding user in the database - message from winston
2021-05-14 11:59:59, error, error while finding user in the database - message from winston
2021-05-14 11:59:59, error, error while finding user in the database - message from winston
2021-05-14 11:59:59, error, error while finding user in the database - message from winston
2021-05-14 12:00:00, error, error while finding user in the database - message from winston
2021-05-14 12:00:00, error, error while finding user in the database - message from winston
2021-05-14 12:00:00, error, error while finding user in the database - message from winston
2021-05-14 12:00:01, error, error while finding user in the database - message from winston
2021-05-14 12:00:01, error, error while finding user in the database - message from winston
2021-05-14 12:00:01, error, error while finding user in the database - message from winston
2021-05-14 12:00:02, error, error while finding user in the database - message from winston
2021-05-14 12:00:25, info, signed in successfully - message from winston
2021-05-14 12:00:25, info, inside getPosts method  - message from winston
2021-05-14 12:00:25, info, inside postById method - message from winston
2021-05-14 12:00:25, info, inside postById method - message from winston
2021-05-14 12:00:25, info, inside postById method - message from winston
2021-05-14 12:00:25, info, inside postById method - message from winston
2021-05-14 12:00:25, info, inside postById method - message from winston
2021-05-14 12:00:25, info, inside postPhoto method - message from winston
2021-05-14 12:00:25, info, inside postPhoto method - message from winston
2021-05-14 12:00:25, info, inside postPhoto method - message from winston
2021-05-14 12:00:25, info, inside postPhoto method - message from winston
2021-05-14 12:00:25, info, inside postPhoto method - message from winston
2021-05-14 12:00:28, info, inside postById method - message from winston
2021-05-14 12:00:28, info, inside postById method - message from winston
2021-05-14 12:00:28, info, inside postById method - message from winston
2021-05-14 12:00:28, info, inside postById method - message from winston
2021-05-14 12:00:28, info, inside postById method - message from winston
2021-05-14 12:00:28, info, Successfully logged out - message from winston
2021-05-14 12:00:28, info, inside postPhoto method - message from winston
2021-05-14 12:00:28, info, inside postPhoto method - message from winston
2021-05-14 12:00:28, info, inside postPhoto method - message from winston
2021-05-14 12:00:28, info, inside postPhoto method - message from winston
2021-05-14 12:00:28, info, inside postPhoto method - message from winston
2021-05-14 12:00:48, error, incorrect password provided for signin - message from winston
2021-05-14 12:00:49, error, incorrect password provided for signin - message from winston
2021-05-14 12:00:49, error, incorrect password provided for signin - message from winston
2021-05-14 12:00:50, error, incorrect password provided for signin - message from winston
2021-05-14 12:00:50, error, incorrect password provided for signin - message from winston
2021-05-14 12:00:50, error, incorrect password provided for signin - message from winston
2021-05-14 12:00:50, error, incorrect password provided for signin - message from winston
2021-05-14 12:00:51, error, incorrect password provided for signin - message from winston
2021-05-14 12:00:51, error, incorrect password provided for signin - message from winston
2021-05-14 12:00:51, error, incorrect password provided for signin - message from winston
2021-05-14 12:00:51, error, incorrect password provided for signin - message from winston
2021-05-14 12:00:52, error, incorrect password provided for signin - message from winston
2021-05-14 12:00:52, error, incorrect password provided for signin - message from winston
2021-05-14 12:00:52, error, incorrect password provided for signin - message from winston
2021-05-14 12:00:52, error, incorrect password provided for signin - message from winston
2021-05-14 12:00:52, error, incorrect password provided for signin - message from winston
2021-05-14 12:00:53, error, incorrect password provided for signin - message from winston
2021-05-14 12:00:53, error, incorrect password provided for signin - message from winston
2021-05-14 12:00:53, error, incorrect password provided for signin - message from winston
2021-05-14 12:00:54, error, incorrect password provided for signin - message from winston
2021-05-14 12:00:54, error, incorrect password provided for signin - message from winston
2021-05-14 12:00:54, error, incorrect password provided for signin - message from winston
2021-05-14 12:00:55, error, incorrect password provided for signin - message from winston
2021-05-14 12:00:55, error, incorrect password provided for signin - message from winston
2021-05-14 12:00:55, error, incorrect password provided for signin - message from winston
2021-05-14 12:00:56, error, incorrect password provided for signin - message from winston
2021-05-14 12:00:56, error, incorrect password provided for signin - message from winston
2021-05-14 12:00:56, error, incorrect password provided for signin - message from winston
2021-05-14 12:00:56, error, incorrect password provided for signin - message from winston
2021-05-14 12:00:56, error, incorrect password provided for signin - message from winston
2021-05-14 12:00:57, error, incorrect password provided for signin - message from winston
2021-05-14 12:00:57, error, incorrect password provided for signin - message from winston
2021-05-14 12:01:08, error, incorrect password provided for signin - message from winston
2021-05-14 12:01:08, error, incorrect password provided for signin - message from winston
2021-05-14 12:01:08, error, incorrect password provided for signin - message from winston
2021-05-14 12:01:08, error, incorrect password provided for signin - message from winston
2021-05-14 12:01:09, error, incorrect password provided for signin - message from winston
2021-05-14 12:01:09, error, incorrect password provided for signin - message from winston
2021-05-14 12:01:09, error, incorrect password provided for signin - message from winston
2021-05-14 12:01:10, error, incorrect password provided for signin - message from winston
2021-05-14 12:01:14, error, error while finding user in the database - message from winston
2021-05-14 12:01:15, error, error while finding user in the database - message from winston
2021-05-14 12:01:16, error, error while finding user in the database - message from winston
2021-05-14 12:01:16, error, error while finding user in the database - message from winston
2021-05-14 12:01:16, error, error while finding user in the database - message from winston
2021-05-14 12:01:16, error, error while finding user in the database - message from winston
2021-05-14 12:01:17, error, error while finding user in the database - message from winston
2021-05-14 12:01:17, error, error while finding user in the database - message from winston
2021-05-14 12:01:17, error, error while finding user in the database - message from winston
2021-05-14 12:01:17, error, error while finding user in the database - message from winston
2021-05-14 12:01:18, error, error while finding user in the database - message from winston
2021-05-14 12:01:18, error, error while finding user in the database - message from winston
2021-05-14 12:01:18, error, error while finding user in the database - message from winston
2021-05-14 12:01:18, error, error while finding user in the database - message from winston
2021-05-14 12:01:19, error, error while finding user in the database - message from winston
2021-05-14 12:01:19, error, error while finding user in the database - message from winston
2021-05-14 12:01:20, error, error while finding user in the database - message from winston
2021-05-14 12:01:20, error, error while finding user in the database - message from winston
2021-05-14 12:01:20, error, error while finding user in the database - message from winston
2021-05-14 12:01:20, error, error while finding user in the database - message from winston
2021-05-14 12:01:21, error, error while finding user in the database - message from winston
2021-05-14 12:01:21, error, error while finding user in the database - message from winston
2021-05-14 12:01:21, error, error while finding user in the database - message from winston
2021-05-14 12:01:22, error, error while finding user in the database - message from winston
2021-05-14 12:01:22, error, error while finding user in the database - message from winston
2021-05-14 12:01:22, error, error while finding user in the database - message from winston
2021-05-14 12:01:22, error, error while finding user in the database - message from winston
2021-05-14 12:01:23, error, error while finding user in the database - message from winston
2021-05-14 12:01:23, error, error while finding user in the database - message from winston
2021-05-14 12:01:23, error, error while finding user in the database - message from winston
2021-05-14 12:01:28, error, incorrect password provided for signin - message from winston
2021-05-14 12:01:29, error, incorrect password provided for signin - message from winston
2021-05-14 12:01:29, error, incorrect password provided for signin - message from winston
2021-05-14 12:01:30, error, incorrect password provided for signin - message from winston
2021-05-14 12:01:30, error, incorrect password provided for signin - message from winston
2021-05-14 12:01:30, error, incorrect password provided for signin - message from winston
2021-05-14 12:01:31, error, incorrect password provided for signin - message from winston
2021-05-14 12:01:31, error, incorrect password provided for signin - message from winston
2021-05-14 12:01:31, error, incorrect password provided for signin - message from winston
2021-05-14 12:01:31, error, incorrect password provided for signin - message from winston
2021-05-14 12:01:33, error, incorrect password provided for signin - message from winston
2021-05-14 12:01:33, error, incorrect password provided for signin - message from winston
2021-05-14 12:01:34, error, incorrect password provided for signin - message from winston
2021-05-14 12:01:34, error, incorrect password provided for signin - message from winston
2021-05-14 12:01:34, error, incorrect password provided for signin - message from winston
2021-05-14 12:01:35, error, incorrect password provided for signin - message from winston
2021-05-14 12:01:36, error, incorrect password provided for signin - message from winston
2021-05-14 12:01:36, error, incorrect password provided for signin - message from winston
2021-05-14 12:01:36, error, incorrect password provided for signin - message from winston
2021-05-14 12:01:36, error, incorrect password provided for signin - message from winston
2021-05-14 12:01:37, error, incorrect password provided for signin - message from winston
2021-05-14 12:01:37, error, incorrect password provided for signin - message from winston
2021-05-14 12:01:37, error, incorrect password provided for signin - message from winston
2021-05-14 12:01:37, error, incorrect password provided for signin - message from winston
2021-05-14 12:01:37, error, incorrect password provided for signin - message from winston
2021-05-14 12:01:37, error, incorrect password provided for signin - message from winston
2021-05-14 12:01:38, error, incorrect password provided for signin - message from winston
2021-05-14 12:01:38, error, incorrect password provided for signin - message from winston
2021-05-14 12:05:47, info, inside getPosts method  - message from winston
2021-05-14 12:05:47, info, inside postById method - message from winston
2021-05-14 12:05:47, info, inside postById method - message from winston
2021-05-14 12:05:47, info, inside postById method - message from winston
2021-05-14 12:05:47, info, inside postById method - message from winston
2021-05-14 12:05:47, info, inside postById method - message from winston
2021-05-14 12:05:47, info, inside postPhoto method - message from winston
2021-05-14 12:05:47, info, inside postPhoto method - message from winston
2021-05-14 12:05:47, info, inside postPhoto method - message from winston
2021-05-14 12:05:47, info, inside postPhoto method - message from winston
2021-05-14 12:05:47, info, inside postPhoto method - message from winston
2021-05-14 19:55:32, info, signed in successfully - message from winston
2021-05-14 19:56:30, info, inside userById method - message from winston
2021-05-14 19:56:30, info, inside getPostByUser method - message from winston
2021-05-14 20:11:28, info, inside userById method - message from winston
2021-05-14 20:11:28, info, inside updateUser method - message from winston
2021-05-14 20:32:32, info, signed in successfully - message from winston
2021-05-14 20:32:32, error, incorrect password provided for signin - message from winston
2021-05-14 20:32:32, info, inside getPosts method  - message from winston
2021-05-14 20:32:32, info, inside userById method - message from winston
2021-05-14 20:32:33, info, inside getPostByUser method - message from winston
2021-05-14 20:32:33, info, inside userById method - message from winston
2021-05-14 20:32:33, info, inside updateUser method - message from winston
2021-05-14 20:32:33, info, inside userById method - message from winston
2021-05-14 20:32:33, error, error while fetching user details inside userById method - message from winston
